[2026-04-10T07:37:01.148Z] [startGroup] %cNew axe issues color:#d93251;font-weight:normal;
[2026-04-10T07:37:01.148Z] [startGroupCollapsed] %c%s: %c%s %s color:#d93251;font-weight:normal; serious font-color:black;font-weight:normal; Elements must meet minimum color contrast ratio thresholds https://dequeuniversity.com/rules/axe/4.11/color-contrast?application=axeAPI
[2026-04-10T07:37:01.153Z] [startGroupCollapsed] Element: %o JSHandle@node
[2026-04-10T07:37:01.153Z] [log] HTML: %c%s font-weight:bold;font-family:Courier; <div class="flex h-9 w-9 items-center justify-center rounded-xl bg-brand/20 text-brand">LR</div>
[2026-04-10T07:37:01.160Z] [error] Fix any of the following:
  Element has insufficient color contrast of 3.85 (foreground color: #5b7dd4, background color: #1a2540, font size: 12.0pt (16px), font weight: normal). Expected contrast ratio of 4.5:1
[2026-04-10T07:37:01.160Z] [startGroupCollapsed] Related nodes
[2026-04-10T07:37:01.170Z] [log] Element: %o JSHandle@node
[2026-04-10T07:37:01.171Z] [log] HTML: %c%s font-weight:bold;font-family:Courier; <div class="flex h-9 w-9 items-center justify-center rounded-xl bg-brand/20 text-brand">LR</div>
[2026-04-10T07:37:01.172Z] [log] Element: %o JSHandle@node
[2026-04-10T07:37:01.172Z] [log] HTML: %c%s font-weight:bold;font-family:Courier; <header class="sticky top-0 z-50 border-b border-white/5 dark:border-white/5 bg-white/80 dark:bg-[#0a0f1b]/80 backdrop-blur">
[2026-04-10T07:37:01.172Z] [log] Element: %o JSHandle@node
[2026-04-10T07:37:01.172Z] [log] HTML: %c%s font-weight:bold;font-family:Courier; <body>
[2026-04-10T07:37:01.172Z] [endGroup] console.groupEnd
[2026-04-10T07:37:01.172Z] [endGroup] console.groupEnd
[2026-04-10T07:37:01.172Z] [startGroupCollapsed] Element: %o JSHandle@node
[2026-04-10T07:37:01.172Z] [log] HTML: %c%s font-weight:bold;font-family:Courier; <span class="hidden sm:inline">深色</span>
[2026-04-10T07:37:01.173Z] [error] Fix any of the following:
  Element has insufficient color contrast of 3.94 (foreground color: #ffffff, background color: #5b7dd4, font size: 10.5pt (14px), font weight: normal). Expected contrast ratio of 4.5:1
[2026-04-10T07:37:01.173Z] [startGroupCollapsed] Related nodes
[2026-04-10T07:37:01.173Z] [log] Element: %o JSHandle@node
[2026-04-10T07:37:01.173Z] [log] HTML: %c%s font-weight:bold;font-family:Courier; <button class="flex items-center gap-2 rounded-lg px-3 py-2 text-sm transition bg-brand text-white" aria-label="切换到深色模式" aria-pressed="true">
[2026-04-10T07:37:01.184Z] [endGroup] console.groupEnd
[2026-04-10T07:37:01.184Z] [endGroup] console.groupEnd
[2026-04-10T07:37:01.184Z] [startGroupCollapsed] Element: %o JSHandle@node
[2026-04-10T07:37:01.184Z] [log] HTML: %c%s font-weight:bold;font-family:Courier; <p class="text-xs text-brand">00:0<!-- -->1</p>
[2026-04-10T07:37:01.184Z] [error] Fix any of the following:
  Element has insufficient color contrast of 4.07 (foreground color: #5b7dd4, background color: #1b2131, font size: 9.0pt (12px), font weight: normal). Expected contrast ratio of 4.5:1
[2026-04-10T07:37:01.184Z] [startGroupCollapsed] Related nodes
[2026-04-10T07:37:01.184Z] [log] Element: %o JSHandle@node
[2026-04-10T07:37:01.184Z] [log] HTML: %c%s font-weight:bold;font-family:Courier; <div class="rounded-2xl bg-white/5 p-4"><p class="text-xs text-brand">00:0<!-- -->1</p><p class="mt-2 text-sm text-slate-200">Sample transcript line with hoverable vocabulary and saved study actions.</p><p class="mt-1 text-sm text-slate-500">对应的翻译行会在这里显示。</p></div>
[2026-04-10T07:37:01.185Z] [log] Element: %o JSHandle@node
[2026-04-10T07:37:01.185Z] [log] HTML: %c%s font-weight:bold;font-family:Courier; <div class="rounded-[1.1rem] border border-white/10 bg-[#0f1526] p-4">
[2026-04-10T07:37:01.186Z] [endGroup] console.groupEnd
[2026-04-10T07:37:01.186Z] [endGroup] console.groupEnd
[2026-04-10T07:37:01.186Z] [startGroupCollapsed] Element: %o JSHandle@node
[2026-04-10T07:37:01.186Z] [log] HTML: %c%s font-weight:bold;font-family:Courier; <p class="mt-1 text-sm text-slate-500">对应的翻译行会在这里显示。</p>
[2026-04-10T07:37:01.186Z] [error] Fix any of the following:
  Element has insufficient color contrast of 3.37 (foreground color: #64748b, background color: #1b2131, font size: 10.5pt (14px), font weight: normal). Expected contrast ratio of 4.5:1
[2026-04-10T07:37:01.186Z] [startGroupCollapsed] Related nodes
[2026-04-10T07:37:01.186Z] [log] Element: %o JSHandle@node
[2026-04-10T07:37:01.186Z] [log] HTML: %c%s font-weight:bold;font-family:Courier; <div class="rounded-2xl bg-white/5 p-4"><p class="text-xs text-brand">00:0<!-- -->1</p><p class="mt-2 text-sm text-slate-200">Sample transcript line with hoverable vocabulary and saved study actions.</p><p class="mt-1 text-sm text-slate-500">对应的翻译行会在这里显示。</p></div>
[2026-04-10T07:37:01.186Z] [log] Element: %o JSHandle@node
[2026-04-10T07:37:01.186Z] [log] HTML: %c%s font-weight:bold;font-family:Courier; <div class="rounded-[1.1rem] border border-white/10 bg-[#0f1526] p-4">
[2026-04-10T07:37:01.186Z] [endGroup] console.groupEnd
[2026-04-10T07:37:01.187Z] [endGroup] console.groupEnd
[2026-04-10T07:37:01.187Z] [startGroupCollapsed] Element: %o JSHandle@node
[2026-04-10T07:37:01.187Z] [log] HTML: %c%s font-weight:bold;font-family:Courier; <p class="text-xs text-brand">00:0<!-- -->2</p>
[2026-04-10T07:37:01.187Z] [error] Fix any of the following:
  Element has insufficient color contrast of 4.07 (foreground color: #5b7dd4, background color: #1b2131, font size: 9.0pt (12px), font weight: normal). Expected contrast ratio of 4.5:1
[2026-04-10T07:37:01.187Z] [startGroupCollapsed] Related nodes
[2026-04-10T07:37:01.187Z] [log] Element: %o JSHandle@node
[2026-04-10T07:37:01.187Z] [log] HTML: %c%s font-weight:bold;font-family:Courier; <div class="rounded-2xl bg-white/5 p-4"><p class="text-xs text-brand">00:0<!-- -->2</p><p class="mt-2 text-sm text-slate-200">Sample transcript line with hoverable vocabulary and saved study actions.</p><p class="mt-1 text-sm text-slate-500">对应的翻译行会在这里显示。</p></div>
[2026-04-10T07:37:01.187Z] [log] Element: %o JSHandle@node
[2026-04-10T07:37:01.187Z] [log] HTML: %c%s font-weight:bold;font-family:Courier; <div class="rounded-[1.1rem] border border-white/10 bg-[#0f1526] p-4">
[2026-04-10T07:37:01.187Z] [endGroup] console.groupEnd
[2026-04-10T07:37:01.187Z] [endGroup] console.groupEnd
[2026-04-10T07:37:01.196Z] [startGroupCollapsed] Element: %o JSHandle@node
[2026-04-10T07:37:01.196Z] [log] HTML: %c%s font-weight:bold;font-family:Courier; <p class="mt-1 text-sm text-slate-500">对应的翻译行会在这里显示。</p>
[2026-04-10T07:37:01.196Z] [error] Fix any of the following:
  Element has insufficient color contrast of 3.37 (foreground color: #64748b, background color: #1b2131, font size: 10.5pt (14px), font weight: normal). Expected contrast ratio of 4.5:1
[2026-04-10T07:37:01.196Z] [startGroupCollapsed] Related nodes
[2026-04-10T07:37:01.196Z] [log] Element: %o JSHandle@node
[2026-04-10T07:37:01.196Z] [log] HTML: %c%s font-weight:bold;font-family:Courier; <div class="rounded-2xl bg-white/5 p-4"><p class="text-xs text-brand">00:0<!-- -->2</p><p class="mt-2 text-sm text-slate-200">Sample transcript line with hoverable vocabulary and saved study actions.</p><p class="mt-1 text-sm text-slate-500">对应的翻译行会在这里显示。</p></div>
[2026-04-10T07:37:01.196Z] [log] Element: %o JSHandle@node
[2026-04-10T07:37:01.196Z] [log] HTML: %c%s font-weight:bold;font-family:Courier; <div class="rounded-[1.1rem] border border-white/10 bg-[#0f1526] p-4">
[2026-04-10T07:37:01.196Z] [endGroup] console.groupEnd
[2026-04-10T07:37:01.196Z] [endGroup] console.groupEnd
[2026-04-10T07:37:01.197Z] [startGroupCollapsed] Element: %o JSHandle@node
[2026-04-10T07:37:01.197Z] [log] HTML: %c%s font-weight:bold;font-family:Courier; <p class="text-xs text-brand">00:0<!-- -->3</p>
[2026-04-10T07:37:01.197Z] [error] Fix any of the following:
  Element has insufficient color contrast of 4.07 (foreground color: #5b7dd4, background color: #1b2131, font size: 9.0pt (12px), font weight: normal). Expected contrast ratio of 4.5:1
[2026-04-10T07:37:01.197Z] [startGroupCollapsed] Related nodes
[2026-04-10T07:37:01.197Z] [log] Element: %o JSHandle@node
[2026-04-10T07:37:01.197Z] [log] HTML: %c%s font-weight:bold;font-family:Courier; <div class="rounded-2xl bg-white/5 p-4"><p class="text-xs text-brand">00:0<!-- -->3</p><p class="mt-2 text-sm text-slate-200">Sample transcript line with hoverable vocabulary and saved study actions.</p><p class="mt-1 text-sm text-slate-500">对应的翻译行会在这里显示。</p></div>
[2026-04-10T07:37:01.197Z] [log] Element: %o JSHandle@node
[2026-04-10T07:37:01.197Z] [log] HTML: %c%s font-weight:bold;font-family:Courier; <div class="rounded-[1.1rem] border border-white/10 bg-[#0f1526] p-4">
[2026-04-10T07:37:01.197Z] [endGroup] console.groupEnd
[2026-04-10T07:37:01.197Z] [endGroup] console.groupEnd
[2026-04-10T07:37:01.197Z] [startGroupCollapsed] Element: %o JSHandle@node
[2026-04-10T07:37:01.198Z] [log] HTML: %c%s font-weight:bold;font-family:Courier; <p class="mt-1 text-sm text-slate-500">对应的翻译行会在这里显示。</p>
[2026-04-10T07:37:01.198Z] [error] Fix any of the following:
  Element has insufficient color contrast of 3.37 (foreground color: #64748b, background color: #1b2131, font size: 10.5pt (14px), font weight: normal). Expected contrast ratio of 4.5:1
[2026-04-10T07:37:01.198Z] [startGroupCollapsed] Related nodes
[2026-04-10T07:37:01.198Z] [log] Element: %o JSHandle@node
[2026-04-10T07:37:01.198Z] [log] HTML: %c%s font-weight:bold;font-family:Courier; <div class="rounded-2xl bg-white/5 p-4"><p class="text-xs text-brand">00:0<!-- -->3</p><p class="mt-2 text-sm text-slate-200">Sample transcript line with hoverable vocabulary and saved study actions.</p><p class="mt-1 text-sm text-slate-500">对应的翻译行会在这里显示。</p></div>
[2026-04-10T07:37:01.198Z] [log] Element: %o JSHandle@node
[2026-04-10T07:37:01.198Z] [log] HTML: %c%s font-weight:bold;font-family:Courier; <div class="rounded-[1.1rem] border border-white/10 bg-[#0f1526] p-4">
[2026-04-10T07:37:01.198Z] [endGroup] console.groupEnd
[2026-04-10T07:37:01.198Z] [endGroup] console.groupEnd
[2026-04-10T07:37:01.198Z] [startGroupCollapsed] Element: %o JSHandle@node
[2026-04-10T07:37:01.198Z] [log] HTML: %c%s font-weight:bold;font-family:Courier; <p class="text-xs text-brand">00:0<!-- -->4</p>
[2026-04-10T07:37:01.198Z] [error] Fix any of the following:
  Element has insufficient color contrast of 4.07 (foreground color: #5b7dd4, background color: #1b2131, font size: 9.0pt (12px), font weight: normal). Expected contrast ratio of 4.5:1
[2026-04-10T07:37:01.198Z] [startGroupCollapsed] Related nodes
[2026-04-10T07:37:01.199Z] [log] Element: %o JSHandle@node
[2026-04-10T07:37:01.199Z] [log] HTML: %c%s font-weight:bold;font-family:Courier; <div class="rounded-2xl bg-white/5 p-4"><p class="text-xs text-brand">00:0<!-- -->4</p><p class="mt-2 text-sm text-slate-200">Sample transcript line with hoverable vocabulary and saved study actions.</p><p class="mt-1 text-sm text-slate-500">对应的翻译行会在这里显示。</p></div>
[2026-04-10T07:37:01.199Z] [log] Element: %o JSHandle@node
[2026-04-10T07:37:01.199Z] [log] HTML: %c%s font-weight:bold;font-family:Courier; <div class="rounded-[1.1rem] border border-white/10 bg-[#0f1526] p-4">
[2026-04-10T07:37:01.199Z] [endGroup] console.groupEnd
[2026-04-10T07:37:01.199Z] [endGroup] console.groupEnd
[2026-04-10T07:37:01.199Z] [startGroupCollapsed] Element: %o JSHandle@node
[2026-04-10T07:37:01.199Z] [log] HTML: %c%s font-weight:bold;font-family:Courier; <p class="mt-1 text-sm text-slate-500">对应的翻译行会在这里显示。</p>
[2026-04-10T07:37:01.204Z] [error] Fix any of the following:
  Element has insufficient color contrast of 3.37 (foreground color: #64748b, background color: #1b2131, font size: 10.5pt (14px), font weight: normal). Expected contrast ratio of 4.5:1
[2026-04-10T07:37:01.204Z] [startGroupCollapsed] Related nodes
[2026-04-10T07:37:01.204Z] [log] Element: %o JSHandle@node
[2026-04-10T07:37:01.204Z] [log] HTML: %c%s font-weight:bold;font-family:Courier; <div class="rounded-2xl bg-white/5 p-4"><p class="text-xs text-brand">00:0<!-- -->4</p><p class="mt-2 text-sm text-slate-200">Sample transcript line with hoverable vocabulary and saved study actions.</p><p class="mt-1 text-sm text-slate-500">对应的翻译行会在这里显示。</p></div>
[2026-04-10T07:37:01.204Z] [log] Element: %o JSHandle@node
[2026-04-10T07:37:01.204Z] [log] HTML: %c%s font-weight:bold;font-family:Courier; <div class="rounded-[1.1rem] border border-white/10 bg-[#0f1526] p-4">
[2026-04-10T07:37:01.204Z] [endGroup] console.groupEnd
[2026-04-10T07:37:01.204Z] [endGroup] console.groupEnd
[2026-04-10T07:37:01.204Z] [endGroup] console.groupEnd
[2026-04-10T07:37:01.205Z] [startGroupCollapsed] %c%s: %c%s %s color:#d24700;font-weight:bold; moderate font-color:black;font-weight:normal; All page content should be contained by landmarks https://dequeuniversity.com/rules/axe/4.11/region?application=axeAPI
[2026-04-10T07:37:01.205Z] [startGroupCollapsed] Element: %o JSHandle@node
[2026-04-10T07:37:01.206Z] [log] HTML: %c%s font-weight:bold;font-family:Courier; <a href="#main-content" class="sr-only focus:not-sr-only focus:absolute focus:left-4 focus:top-4 focus:z-50 focus:rounded-lg focus:bg-brand focus:px-4 focus:py-2 focus:text-white focus:shadow-lg focus:outline-none focus:ring-2 focus:ring-white">跳到主内容</a>
[2026-04-10T07:37:01.206Z] [error] Fix any of the following:
  Some page content is not contained by landmarks
[2026-04-10T07:37:01.206Z] [endGroup] console.groupEnd
[2026-04-10T07:37:01.206Z] [endGroup] console.groupEnd
[2026-04-10T07:37:01.206Z] [startGroupCollapsed] %c%s: %c%s %s color:#d24700;font-weight:bold; moderate font-color:black;font-weight:normal; The skip-link target should exist and be focusable https://dequeuniversity.com/rules/axe/4.11/skip-link?application=axeAPI
[2026-04-10T07:37:01.206Z] [startGroupCollapsed] Element: %o JSHandle@node
[2026-04-10T07:37:01.206Z] [log] HTML: %c%s font-weight:bold;font-family:Courier; <a href="#main-content" class="sr-only focus:not-sr-only focus:absolute focus:left-4 focus:top-4 focus:z-50 focus:rounded-lg focus:bg-brand focus:px-4 focus:py-2 focus:text-white focus:shadow-lg focus:outline-none focus:ring-2 focus:ring-white">跳到主内容</a>
[2026-04-10T07:37:01.206Z] [error] Fix any of the following:
  No skip link target
[2026-04-10T07:37:01.206Z] [endGroup] console.groupEnd
[2026-04-10T07:37:01.206Z] [endGroup] console.groupEnd
[2026-04-10T07:37:01.206Z] [endGroup] console.groupEnd
[2026-04-10T07:37:01.259Z] [error] Failed to load resource: the server responded with a status of 400 (Bad Request)
[2026-04-10T07:37:06.108Z] [error] Failed to load resource: the server responded with a status of 400 (Bad Request)
[2026-04-10T07:37:08.927Z] [error] Failed to load resource: the server responded with a status of 400 (Bad Request)
[2026-04-10T07:37:13.758Z] [error] Failed to load resource: the server responded with a status of 400 (Bad Request)
[2026-04-10T07:37:18.641Z] [error] Failed to load resource: the server responded with a status of 400 (Bad Request)
[2026-04-10T07:37:21.859Z] [error] Failed to load resource: the server responded with a status of 400 (Bad Request)
[2026-04-10T07:37:25.250Z] [error] Failed to load resource: the server responded with a status of 400 (Bad Request)
[2026-04-10T07:37:28.670Z] [error] Failed to load resource: the server responded with a status of 400 (Bad Request)
[2026-04-10T07:37:32.241Z] [error] Failed to load resource: the server responded with a status of 400 (Bad Request)
[2026-04-10T07:38:37.193Z] [log] [Fast Refresh] rebuilding
[2026-04-10T07:38:37.644Z] [log] [Fast Refresh] rebuilding
[2026-04-10T07:38:37.671Z] [log] [Fast Refresh] done in 26ms
[2026-04-10T07:38:38.270Z] [log] [Fast Refresh] done in 624ms
[2026-04-10T07:38:57.541Z] [log] [Fast Refresh] rebuilding
[2026-04-10T07:38:57.785Z] [log] [Fast Refresh] done in 243ms
[2026-04-10T07:39:58.867Z] [info] %cDownload the React DevTools for a better development experience: https://react.dev/link/react-devtools font-weight:bold
[2026-04-10T07:39:59.762Z] [startGroup] %cNew axe issues color:#d93251;font-weight:normal;
[2026-04-10T07:39:59.765Z] [startGroupCollapsed] %c%s: %c%s %s color:#d93251;font-weight:normal; serious font-color:black;font-weight:normal; Elements must meet minimum color contrast ratio thresholds https://dequeuniversity.com/rules/axe/4.11/color-contrast?application=axeAPI
[2026-04-10T07:39:59.770Z] [startGroupCollapsed] Element: %o JSHandle@node
[2026-04-10T07:39:59.770Z] [log] HTML: %c%s font-weight:bold;font-family:Courier; <button type="submit" class="w-full py-3 bg-brand hover:bg-brand/90 text-white font-semibold rounded-xl transition disabled:opacity-50 disabled:cursor-not-allowed">登录</button>
[2026-04-10T07:39:59.770Z] [error] Fix any of the following:
  Element has insufficient color contrast of 3.94 (foreground color: #ffffff, background color: #5b7dd4, font size: 12.0pt (16px), font weight: normal). Expected contrast ratio of 4.5:1
[2026-04-10T07:39:59.770Z] [startGroupCollapsed] Related nodes
[2026-04-10T07:39:59.770Z] [log] Element: %o JSHandle@node
[2026-04-10T07:39:59.770Z] [log] HTML: %c%s font-weight:bold;font-family:Courier; <button type="submit" class="w-full py-3 bg-brand hover:bg-brand/90 text-white font-semibold rounded-xl transition disabled:opacity-50 disabled:cursor-not-allowed">登录</button>
[2026-04-10T07:39:59.770Z] [endGroup] console.groupEnd
[2026-04-10T07:39:59.770Z] [endGroup] console.groupEnd
[2026-04-10T07:39:59.770Z] [startGroupCollapsed] Element: %o JSHandle@node
[2026-04-10T07:39:59.770Z] [log] HTML: %c%s font-weight:bold;font-family:Courier; <button class="text-brand hover:text-brand/80 text-sm transition">没有账号？立即注册</button>
[2026-04-10T07:39:59.770Z] [error] Fix any of the following:
  Element has insufficient color contrast of 4.48 (foreground color: #5b7dd4, background color: #11182b, font size: 10.5pt (14px), font weight: normal). Expected contrast ratio of 4.5:1
[2026-04-10T07:39:59.771Z] [startGroupCollapsed] Related nodes
[2026-04-10T07:39:59.773Z] [log] Element: %o JSHandle@node
[2026-04-10T07:39:59.775Z] [log] HTML: %c%s font-weight:bold;font-family:Courier; <div class="bg-[#11182b] rounded-2xl border border-white/10 p-8 shadow-2xl">
[2026-04-10T07:39:59.775Z] [endGroup] console.groupEnd
[2026-04-10T07:39:59.775Z] [endGroup] console.groupEnd
[2026-04-10T07:39:59.775Z] [endGroup] console.groupEnd
[2026-04-10T07:39:59.775Z] [startGroupCollapsed] %c%s: %c%s %s color:#d24700;font-weight:bold; moderate font-color:black;font-weight:normal; Document should have one main landmark https://dequeuniversity.com/rules/axe/4.11/landmark-one-main?application=axeAPI
[2026-04-10T07:39:59.775Z] [endGroup] console.groupEnd
[2026-04-10T07:39:59.775Z] [startGroupCollapsed] %c%s: %c%s %s color:#d24700;font-weight:bold; moderate font-color:black;font-weight:normal; All page content should be contained by landmarks https://dequeuniversity.com/rules/axe/4.11/region?application=axeAPI
[2026-04-10T07:39:59.776Z] [startGroupCollapsed] Element: %o JSHandle@node
[2026-04-10T07:39:59.776Z] [log] HTML: %c%s font-weight:bold;font-family:Courier; <a href="#main-content" class="sr-only focus:not-sr-only focus:absolute focus:left-4 focus:top-4 focus:z-50 focus:rounded-lg focus:bg-brand focus:px-4 focus:py-2 focus:text-white focus:shadow-lg focus:outline-none focus:ring-2 focus:ring-white">跳到主内容</a>
[2026-04-10T07:39:59.776Z] [error] Fix any of the following:
  Some page content is not contained by landmarks
[2026-04-10T07:39:59.776Z] [endGroup] console.groupEnd
[2026-04-10T07:39:59.776Z] [startGroupCollapsed] Element: %o JSHandle@node
[2026-04-10T07:39:59.776Z] [log] HTML: %c%s font-weight:bold;font-family:Courier; <div class="text-center mb-8"><h1 class="text-3xl font-bold text-white mb-2">欢迎回来</h1><p class="text-muted">登录以同步你的学习数据</p></div>
[2026-04-10T07:39:59.776Z] [error] Fix any of the following:
  Some page content is not contained by landmarks
[2026-04-10T07:39:59.776Z] [endGroup] console.groupEnd
[2026-04-10T07:39:59.777Z] [startGroupCollapsed] Element: %o JSHandle@node
[2026-04-10T07:39:59.777Z] [log] HTML: %c%s font-weight:bold;font-family:Courier; <div>
[2026-04-10T07:39:59.777Z] [error] Fix any of the following:
  Some page content is not contained by landmarks
[2026-04-10T07:39:59.777Z] [endGroup] console.groupEnd
[2026-04-10T07:39:59.777Z] [startGroupCollapsed] Element: %o JSHandle@node
[2026-04-10T07:39:59.777Z] [log] HTML: %c%s font-weight:bold;font-family:Courier; <div>
[2026-04-10T07:39:59.778Z] [error] Fix any of the following:
  Some page content is not contained by landmarks
[2026-04-10T07:39:59.778Z] [endGroup] console.groupEnd
[2026-04-10T07:39:59.778Z] [startGroupCollapsed] Element: %o JSHandle@node
[2026-04-10T07:39:59.778Z] [log] HTML: %c%s font-weight:bold;font-family:Courier; <div class="mt-6 pt-6 border-t border-white/10 text-center"><a class="text-sm text-muted hover:text-white transition" href="/">返回首页</a></div>
[2026-04-10T07:39:59.778Z] [error] Fix any of the following:
  Some page content is not contained by landmarks
[2026-04-10T07:39:59.778Z] [endGroup] console.groupEnd
[2026-04-10T07:39:59.778Z] [startGroupCollapsed] Element: %o JSHandle@node
[2026-04-10T07:39:59.778Z] [log] HTML: %c%s font-weight:bold;font-family:Courier; <div class="mt-6 text-center text-sm text-slate-400"><p>Phase 1 用户数据将自动迁移到云端</p></div>
[2026-04-10T07:39:59.778Z] [error] Fix any of the following:
  Some page content is not contained by landmarks
[2026-04-10T07:39:59.779Z] [endGroup] console.groupEnd
[2026-04-10T07:39:59.779Z] [endGroup] console.groupEnd
[2026-04-10T07:39:59.779Z] [startGroupCollapsed] %c%s: %c%s %s color:#d24700;font-weight:bold; moderate font-color:black;font-weight:normal; The skip-link target should exist and be focusable https://dequeuniversity.com/rules/axe/4.11/skip-link?application=axeAPI
[2026-04-10T07:39:59.779Z] [startGroupCollapsed] Element: %o JSHandle@node
[2026-04-10T07:39:59.779Z] [log] HTML: %c%s font-weight:bold;font-family:Courier; <a href="#main-content" class="sr-only focus:not-sr-only focus:absolute focus:left-4 focus:top-4 focus:z-50 focus:rounded-lg focus:bg-brand focus:px-4 focus:py-2 focus:text-white focus:shadow-lg focus:outline-none focus:ring-2 focus:ring-white">跳到主内容</a>
[2026-04-10T07:39:59.779Z] [error] Fix any of the following:
  No skip link target
[2026-04-10T07:39:59.779Z] [endGroup] console.groupEnd
[2026-04-10T07:39:59.779Z] [endGroup] console.groupEnd
[2026-04-10T07:39:59.779Z] [endGroup] console.groupEnd
[2026-04-10T07:39:59.831Z] [error] Failed to load resource: the server responded with a status of 400 (Bad Request)
[2026-04-10T07:40:03.115Z] [error] Failed to load resource: the server responded with a status of 400 (Bad Request)
[2026-04-10T07:46:30.758Z] [info] %cDownload the React DevTools for a better development experience: https://react.dev/link/react-devtools font-weight:bold
[2026-04-10T07:46:31.737Z] [startGroup] %cNew axe issues color:#d93251;font-weight:normal;
[2026-04-10T07:46:31.737Z] [startGroupCollapsed] %c%s: %c%s %s color:#d93251;font-weight:normal; serious font-color:black;font-weight:normal; Elements must meet minimum color contrast ratio thresholds https://dequeuniversity.com/rules/axe/4.11/color-contrast?application=axeAPI
[2026-04-10T07:46:31.740Z] [startGroupCollapsed] Element: %o JSHandle@node
[2026-04-10T07:46:31.740Z] [log] HTML: %c%s font-weight:bold;font-family:Courier; <button class="text-brand hover:text-brand/80 text-sm transition">没有账号？立即注册</button>
[2026-04-10T07:46:31.741Z] [error] Fix any of the following:
  Element has insufficient color contrast of 4.48 (foreground color: #5b7dd4, background color: #11182b, font size: 10.5pt (14px), font weight: normal). Expected contrast ratio of 4.5:1
[2026-04-10T07:46:31.741Z] [startGroupCollapsed] Related nodes
[2026-04-10T07:46:31.741Z] [log] Element: %o JSHandle@node
[2026-04-10T07:46:31.741Z] [log] HTML: %c%s font-weight:bold;font-family:Courier; <div class="bg-[#11182b] rounded-2xl border border-white/10 p-8 shadow-2xl">
[2026-04-10T07:46:31.741Z] [endGroup] console.groupEnd
[2026-04-10T07:46:31.741Z] [endGroup] console.groupEnd
[2026-04-10T07:46:31.742Z] [endGroup] console.groupEnd
[2026-04-10T07:46:31.742Z] [startGroupCollapsed] %c%s: %c%s %s color:#d24700;font-weight:bold; moderate font-color:black;font-weight:normal; Document should have one main landmark https://dequeuniversity.com/rules/axe/4.11/landmark-one-main?application=axeAPI
[2026-04-10T07:46:31.742Z] [endGroup] console.groupEnd
[2026-04-10T07:46:31.743Z] [startGroupCollapsed] %c%s: %c%s %s color:#d24700;font-weight:bold; moderate font-color:black;font-weight:normal; All page content should be contained by landmarks https://dequeuniversity.com/rules/axe/4.11/region?application=axeAPI
[2026-04-10T07:46:31.743Z] [startGroupCollapsed] Element: %o JSHandle@node
[2026-04-10T07:46:31.743Z] [log] HTML: %c%s font-weight:bold;font-family:Courier; <a href="#main-content" class="sr-only focus:not-sr-only focus:absolute focus:left-4 focus:top-4 focus:z-50 focus:rounded-lg focus:bg-brand focus:px-4 focus:py-2 focus:text-white focus:shadow-lg focus:outline-none focus:ring-2 focus:ring-white">跳到主内容</a>
[2026-04-10T07:46:31.743Z] [error] Fix any of the following:
  Some page content is not contained by landmarks
[2026-04-10T07:46:31.743Z] [endGroup] console.groupEnd
[2026-04-10T07:46:31.743Z] [startGroupCollapsed] Element: %o JSHandle@node
[2026-04-10T07:46:31.744Z] [log] HTML: %c%s font-weight:bold;font-family:Courier; <div class="text-center mb-8"><h1 class="text-3xl font-bold text-white mb-2">欢迎回来</h1><p class="text-muted">登录以同步你的学习数据</p></div>
[2026-04-10T07:46:31.745Z] [error] Fix any of the following:
  Some page content is not contained by landmarks
[2026-04-10T07:46:31.745Z] [endGroup] console.groupEnd
[2026-04-10T07:46:31.745Z] [startGroupCollapsed] Element: %o JSHandle@node
[2026-04-10T07:46:31.745Z] [log] HTML: %c%s font-weight:bold;font-family:Courier; <div>
[2026-04-10T07:46:31.745Z] [error] Fix any of the following:
  Some page content is not contained by landmarks
[2026-04-10T07:46:31.745Z] [endGroup] console.groupEnd
[2026-04-10T07:46:31.747Z] [startGroupCollapsed] Element: %o JSHandle@node
[2026-04-10T07:46:31.747Z] [log] HTML: %c%s font-weight:bold;font-family:Courier; <div>
[2026-04-10T07:46:31.747Z] [error] Fix any of the following:
  Some page content is not contained by landmarks
[2026-04-10T07:46:31.747Z] [endGroup] console.groupEnd
[2026-04-10T07:46:31.747Z] [startGroupCollapsed] Element: %o JSHandle@node
[2026-04-10T07:46:31.747Z] [log] HTML: %c%s font-weight:bold;font-family:Courier; <div class="mt-6 pt-6 border-t border-white/10 text-center"><a class="text-sm text-muted hover:text-white transition" href="/">返回首页</a></div>
[2026-04-10T07:46:31.747Z] [error] Fix any of the following:
  Some page content is not contained by landmarks
[2026-04-10T07:46:31.747Z] [endGroup] console.groupEnd
[2026-04-10T07:46:31.747Z] [startGroupCollapsed] Element: %o JSHandle@node
[2026-04-10T07:46:31.747Z] [log] HTML: %c%s font-weight:bold;font-family:Courier; <div class="mt-6 text-center text-sm text-slate-400"><p>Phase 1 用户数据将自动迁移到云端</p></div>
[2026-04-10T07:46:31.747Z] [error] Fix any of the following:
  Some page content is not contained by landmarks
[2026-04-10T07:46:31.747Z] [endGroup] console.groupEnd
[2026-04-10T07:46:31.748Z] [endGroup] console.groupEnd
[2026-04-10T07:46:31.748Z] [startGroupCollapsed] %c%s: %c%s %s color:#d24700;font-weight:bold; moderate font-color:black;font-weight:normal; The skip-link target should exist and be focusable https://dequeuniversity.com/rules/axe/4.11/skip-link?application=axeAPI
[2026-04-10T07:46:31.748Z] [startGroupCollapsed] Element: %o JSHandle@node
[2026-04-10T07:46:31.748Z] [log] HTML: %c%s font-weight:bold;font-family:Courier; <a href="#main-content" class="sr-only focus:not-sr-only focus:absolute focus:left-4 focus:top-4 focus:z-50 focus:rounded-lg focus:bg-brand focus:px-4 focus:py-2 focus:text-white focus:shadow-lg focus:outline-none focus:ring-2 focus:ring-white">跳到主内容</a>
[2026-04-10T07:46:31.748Z] [error] Fix any of the following:
  No skip link target
[2026-04-10T07:46:31.748Z] [endGroup] console.groupEnd
[2026-04-10T07:46:31.748Z] [endGroup] console.groupEnd
[2026-04-10T07:46:31.748Z] [endGroup] console.groupEnd
[2026-04-10T07:46:31.792Z] [error] Failed to load resource: the server responded with a status of 400 (Bad Request)
[2026-04-10T07:48:04.143Z] [error] Auth error: Error: Supabase not configured
    at captureStackTrace (webpack-internal:///(app-pages-browser)/./node_modules/next/dist/client/components/react-dev-overlay/internal/helpers/capture-stack-trace.js:13:23)
    at console.error (webpack-internal:///(app-pages-browser)/./node_modules/next/dist/client/components/globals/intercept-console-error.js:51:62)
    at handleSubmit (webpack-internal:///(app-pages-browser)/./app/[locale]/login/page.tsx:60:21)
[2026-04-10T07:52:04.192Z] [log] [Fast Refresh] rebuilding
[2026-04-10T07:52:04.192Z] [log] [Fast Refresh] rebuilding
[2026-04-10T07:52:05.010Z] [log] [Fast Refresh] done in 818ms
[2026-04-10T07:52:05.021Z] [log] [Fast Refresh] done in 828ms
[2026-04-10T07:52:47.162Z] [info] %cDownload the React DevTools for a better development experience: https://react.dev/link/react-devtools font-weight:bold
[2026-04-10T07:52:47.832Z] [startGroup] %cNew axe issues color:#d93251;font-weight:normal;
[2026-04-10T07:52:47.832Z] [startGroupCollapsed] %c%s: %c%s %s color:#d93251;font-weight:normal; serious font-color:black;font-weight:normal; Elements must meet minimum color contrast ratio thresholds https://dequeuniversity.com/rules/axe/4.11/color-contrast?application=axeAPI
[2026-04-10T07:52:47.834Z] [startGroupCollapsed] Element: %o JSHandle@node
[2026-04-10T07:52:47.834Z] [log] HTML: %c%s font-weight:bold;font-family:Courier; <button type="submit" class="w-full py-3 bg-brand hover:bg-brand/90 text-white font-semibold rounded-xl transition disabled:opacity-50 disabled:cursor-not-allowed">登录</button>
[2026-04-10T07:52:47.839Z] [error] Fix any of the following:
  Element has insufficient color contrast of 3.94 (foreground color: #ffffff, background color: #5b7dd4, font size: 12.0pt (16px), font weight: normal). Expected contrast ratio of 4.5:1
[2026-04-10T07:52:47.839Z] [startGroupCollapsed] Related nodes
[2026-04-10T07:52:47.840Z] [log] Element: %o JSHandle@node
[2026-04-10T07:52:47.840Z] [log] HTML: %c%s font-weight:bold;font-family:Courier; <button type="submit" class="w-full py-3 bg-brand hover:bg-brand/90 text-white font-semibold rounded-xl transition disabled:opacity-50 disabled:cursor-not-allowed">登录</button>
[2026-04-10T07:52:47.840Z] [endGroup] console.groupEnd
[2026-04-10T07:52:47.841Z] [endGroup] console.groupEnd
[2026-04-10T07:52:47.841Z] [startGroupCollapsed] Element: %o JSHandle@node
[2026-04-10T07:52:47.841Z] [log] HTML: %c%s font-weight:bold;font-family:Courier; <button class="text-brand hover:text-brand/80 text-sm transition">没有账号？立即注册</button>
[2026-04-10T07:52:47.841Z] [error] Fix any of the following:
  Element has insufficient color contrast of 4.48 (foreground color: #5b7dd4, background color: #11182b, font size: 10.5pt (14px), font weight: normal). Expected contrast ratio of 4.5:1
[2026-04-10T07:52:47.841Z] [startGroupCollapsed] Related nodes
[2026-04-10T07:52:47.841Z] [log] Element: %o JSHandle@node
[2026-04-10T07:52:47.841Z] [log] HTML: %c%s font-weight:bold;font-family:Courier; <div class="bg-[#11182b] rounded-2xl border border-white/10 p-8 shadow-2xl">
[2026-04-10T07:52:47.843Z] [endGroup] console.groupEnd
[2026-04-10T07:52:47.843Z] [endGroup] console.groupEnd
[2026-04-10T07:52:47.843Z] [endGroup] console.groupEnd
[2026-04-10T07:52:47.843Z] [startGroupCollapsed] %c%s: %c%s %s color:#d24700;font-weight:bold; moderate font-color:black;font-weight:normal; Document should have one main landmark https://dequeuniversity.com/rules/axe/4.11/landmark-one-main?application=axeAPI
[2026-04-10T07:52:47.843Z] [endGroup] console.groupEnd
[2026-04-10T07:52:47.843Z] [startGroupCollapsed] %c%s: %c%s %s color:#d24700;font-weight:bold; moderate font-color:black;font-weight:normal; All page content should be contained by landmarks https://dequeuniversity.com/rules/axe/4.11/region?application=axeAPI
[2026-04-10T07:52:47.843Z] [startGroupCollapsed] Element: %o JSHandle@node
[2026-04-10T07:52:47.843Z] [log] HTML: %c%s font-weight:bold;font-family:Courier; <a href="#main-content" class="sr-only focus:not-sr-only focus:absolute focus:left-4 focus:top-4 focus:z-50 focus:rounded-lg focus:bg-brand focus:px-4 focus:py-2 focus:text-white focus:shadow-lg focus:outline-none focus:ring-2 focus:ring-white">跳到主内容</a>
[2026-04-10T07:52:47.843Z] [error] Fix any of the following:
  Some page content is not contained by landmarks
[2026-04-10T07:52:47.843Z] [endGroup] console.groupEnd
[2026-04-10T07:52:47.843Z] [startGroupCollapsed] Element: %o JSHandle@node
[2026-04-10T07:52:47.844Z] [log] HTML: %c%s font-weight:bold;font-family:Courier; <div class="text-center mb-8"><h1 class="text-3xl font-bold text-white mb-2">欢迎回来</h1><p class="text-muted">登录以同步你的学习数据</p></div>
[2026-04-10T07:52:47.844Z] [error] Fix any of the following:
  Some page content is not contained by landmarks
[2026-04-10T07:52:47.844Z] [endGroup] console.groupEnd
[2026-04-10T07:52:47.845Z] [startGroupCollapsed] Element: %o JSHandle@node
[2026-04-10T07:52:47.845Z] [log] HTML: %c%s font-weight:bold;font-family:Courier; <div>
[2026-04-10T07:52:47.845Z] [error] Fix any of the following:
  Some page content is not contained by landmarks
[2026-04-10T07:52:47.845Z] [endGroup] console.groupEnd
[2026-04-10T07:52:47.845Z] [startGroupCollapsed] Element: %o JSHandle@node
[2026-04-10T07:52:47.845Z] [log] HTML: %c%s font-weight:bold;font-family:Courier; <div>
[2026-04-10T07:52:47.846Z] [error] Fix any of the following:
  Some page content is not contained by landmarks
[2026-04-10T07:52:47.846Z] [endGroup] console.groupEnd
[2026-04-10T07:52:47.846Z] [startGroupCollapsed] Element: %o JSHandle@node
[2026-04-10T07:52:47.846Z] [log] HTML: %c%s font-weight:bold;font-family:Courier; <div class="mt-6 pt-6 border-t border-white/10 text-center"><a class="text-sm text-muted hover:text-white transition" href="/">返回首页</a></div>
[2026-04-10T07:52:47.846Z] [error] Fix any of the following:
  Some page content is not contained by landmarks
[2026-04-10T07:52:47.846Z] [endGroup] console.groupEnd
[2026-04-10T07:52:47.846Z] [startGroupCollapsed] Element: %o JSHandle@node
[2026-04-10T07:52:47.846Z] [log] HTML: %c%s font-weight:bold;font-family:Courier; <div class="mt-6 text-center text-sm text-slate-400"><p>Phase 1 用户数据将自动迁移到云端</p></div>
[2026-04-10T07:52:47.846Z] [error] Fix any of the following:
  Some page content is not contained by landmarks
[2026-04-10T07:52:47.846Z] [endGroup] console.groupEnd
[2026-04-10T07:52:47.846Z] [endGroup] console.groupEnd
[2026-04-10T07:52:47.847Z] [startGroupCollapsed] %c%s: %c%s %s color:#d24700;font-weight:bold; moderate font-color:black;font-weight:normal; The skip-link target should exist and be focusable https://dequeuniversity.com/rules/axe/4.11/skip-link?application=axeAPI
[2026-04-10T07:52:47.847Z] [startGroupCollapsed] Element: %o JSHandle@node
[2026-04-10T07:52:47.847Z] [log] HTML: %c%s font-weight:bold;font-family:Courier; <a href="#main-content" class="sr-only focus:not-sr-only focus:absolute focus:left-4 focus:top-4 focus:z-50 focus:rounded-lg focus:bg-brand focus:px-4 focus:py-2 focus:text-white focus:shadow-lg focus:outline-none focus:ring-2 focus:ring-white">跳到主内容</a>
[2026-04-10T07:52:47.848Z] [error] Fix any of the following:
  No skip link target
[2026-04-10T07:52:47.848Z] [endGroup] console.groupEnd
[2026-04-10T07:52:47.848Z] [endGroup] console.groupEnd
[2026-04-10T07:52:47.848Z] [endGroup] console.groupEnd
[2026-04-10T07:52:47.895Z] [error] Failed to load resource: the server responded with a status of 400 (Bad Request)
[2026-04-10T07:52:52.699Z] [error] Failed to load resource: the server responded with a status of 400 (Bad Request)
[2026-04-10T07:58:36.276Z] [info] %cDownload the React DevTools for a better development experience: https://react.dev/link/react-devtools font-weight:bold
[2026-04-10T07:58:36.911Z] [startGroup] %cNew axe issues color:#d93251;font-weight:normal;
[2026-04-10T07:58:36.913Z] [startGroupCollapsed] %c%s: %c%s %s color:#d93251;font-weight:normal; serious font-color:black;font-weight:normal; Elements must meet minimum color contrast ratio thresholds https://dequeuniversity.com/rules/axe/4.11/color-contrast?application=axeAPI
[2026-04-10T07:58:36.913Z] [startGroupCollapsed] Element: %o JSHandle@node
[2026-04-10T07:58:36.914Z] [log] HTML: %c%s font-weight:bold;font-family:Courier; <button type="submit" class="w-full py-3 bg-brand hover:bg-brand/90 text-white font-semibold rounded-xl transition disabled:opacity-50 disabled:cursor-not-allowed">登录</button>
[2026-04-10T07:58:36.918Z] [error] Fix any of the following:
  Element has insufficient color contrast of 3.94 (foreground color: #ffffff, background color: #5b7dd4, font size: 12.0pt (16px), font weight: normal). Expected contrast ratio of 4.5:1
[2026-04-10T07:58:36.918Z] [startGroupCollapsed] Related nodes
[2026-04-10T07:58:36.919Z] [log] Element: %o JSHandle@node
[2026-04-10T07:58:36.919Z] [log] HTML: %c%s font-weight:bold;font-family:Courier; <button type="submit" class="w-full py-3 bg-brand hover:bg-brand/90 text-white font-semibold rounded-xl transition disabled:opacity-50 disabled:cursor-not-allowed">登录</button>
[2026-04-10T07:58:36.919Z] [endGroup] console.groupEnd
[2026-04-10T07:58:36.919Z] [endGroup] console.groupEnd
[2026-04-10T07:58:36.919Z] [startGroupCollapsed] Element: %o JSHandle@node
[2026-04-10T07:58:36.919Z] [log] HTML: %c%s font-weight:bold;font-family:Courier; <button class="text-brand hover:text-brand/80 text-sm transition">没有账号？立即注册</button>
[2026-04-10T07:58:36.919Z] [error] Fix any of the following:
  Element has insufficient color contrast of 4.48 (foreground color: #5b7dd4, background color: #11182b, font size: 10.5pt (14px), font weight: normal). Expected contrast ratio of 4.5:1
[2026-04-10T07:58:36.919Z] [startGroupCollapsed] Related nodes
[2026-04-10T07:58:36.919Z] [log] Element: %o JSHandle@node
[2026-04-10T07:58:36.919Z] [log] HTML: %c%s font-weight:bold;font-family:Courier; <div class="bg-[#11182b] rounded-2xl border border-white/10 p-8 shadow-2xl">
[2026-04-10T07:58:36.919Z] [endGroup] console.groupEnd
[2026-04-10T07:58:36.920Z] [endGroup] console.groupEnd
[2026-04-10T07:58:36.920Z] [endGroup] console.groupEnd
[2026-04-10T07:58:36.920Z] [startGroupCollapsed] %c%s: %c%s %s color:#d24700;font-weight:bold; moderate font-color:black;font-weight:normal; Document should have one main landmark https://dequeuniversity.com/rules/axe/4.11/landmark-one-main?application=axeAPI
[2026-04-10T07:58:36.920Z] [endGroup] console.groupEnd
[2026-04-10T07:58:36.920Z] [startGroupCollapsed] %c%s: %c%s %s color:#d24700;font-weight:bold; moderate font-color:black;font-weight:normal; All page content should be contained by landmarks https://dequeuniversity.com/rules/axe/4.11/region?application=axeAPI
[2026-04-10T07:58:36.920Z] [startGroupCollapsed] Element: %o JSHandle@node
[2026-04-10T07:58:36.920Z] [log] HTML: %c%s font-weight:bold;font-family:Courier; <a href="#main-content" class="sr-only focus:not-sr-only focus:absolute focus:left-4 focus:top-4 focus:z-50 focus:rounded-lg focus:bg-brand focus:px-4 focus:py-2 focus:text-white focus:shadow-lg focus:outline-none focus:ring-2 focus:ring-white">跳到主内容</a>
[2026-04-10T07:58:36.920Z] [error] Fix any of the following:
  Some page content is not contained by landmarks
[2026-04-10T07:58:36.920Z] [endGroup] console.groupEnd
[2026-04-10T07:58:36.920Z] [startGroupCollapsed] Element: %o JSHandle@node
[2026-04-10T07:58:36.920Z] [log] HTML: %c%s font-weight:bold;font-family:Courier; <div class="text-center mb-8"><h1 class="text-3xl font-bold text-white mb-2">欢迎回来</h1><p class="text-muted">登录以同步你的学习数据</p></div>
[2026-04-10T07:58:36.921Z] [error] Fix any of the following:
  Some page content is not contained by landmarks
[2026-04-10T07:58:36.921Z] [endGroup] console.groupEnd
[2026-04-10T07:58:36.921Z] [startGroupCollapsed] Element: %o JSHandle@node
[2026-04-10T07:58:36.921Z] [log] HTML: %c%s font-weight:bold;font-family:Courier; <div>
[2026-04-10T07:58:36.921Z] [error] Fix any of the following:
  Some page content is not contained by landmarks
[2026-04-10T07:58:36.921Z] [endGroup] console.groupEnd
[2026-04-10T07:58:36.921Z] [startGroupCollapsed] Element: %o JSHandle@node
[2026-04-10T07:58:36.921Z] [log] HTML: %c%s font-weight:bold;font-family:Courier; <div>
[2026-04-10T07:58:36.922Z] [error] Fix any of the following:
  Some page content is not contained by landmarks
[2026-04-10T07:58:36.922Z] [endGroup] console.groupEnd
[2026-04-10T07:58:36.922Z] [startGroupCollapsed] Element: %o JSHandle@node
[2026-04-10T07:58:36.922Z] [log] HTML: %c%s font-weight:bold;font-family:Courier; <div class="mt-6 pt-6 border-t border-white/10 text-center"><a class="text-sm text-muted hover:text-white transition" href="/">返回首页</a></div>
[2026-04-10T07:58:36.922Z] [error] Fix any of the following:
  Some page content is not contained by landmarks
[2026-04-10T07:58:36.922Z] [endGroup] console.groupEnd
[2026-04-10T07:58:36.922Z] [startGroupCollapsed] Element: %o JSHandle@node
[2026-04-10T07:58:36.922Z] [log] HTML: %c%s font-weight:bold;font-family:Courier; <div class="mt-6 text-center text-sm text-slate-400"><p>Phase 1 用户数据将自动迁移到云端</p></div>
[2026-04-10T07:58:36.923Z] [error] Fix any of the following:
  Some page content is not contained by landmarks
[2026-04-10T07:58:36.923Z] [endGroup] console.groupEnd
[2026-04-10T07:58:36.923Z] [endGroup] console.groupEnd
[2026-04-10T07:58:36.923Z] [startGroupCollapsed] %c%s: %c%s %s color:#d24700;font-weight:bold; moderate font-color:black;font-weight:normal; The skip-link target should exist and be focusable https://dequeuniversity.com/rules/axe/4.11/skip-link?application=axeAPI
[2026-04-10T07:58:36.924Z] [startGroupCollapsed] Element: %o JSHandle@node
[2026-04-10T07:58:36.924Z] [log] HTML: %c%s font-weight:bold;font-family:Courier; <a href="#main-content" class="sr-only focus:not-sr-only focus:absolute focus:left-4 focus:top-4 focus:z-50 focus:rounded-lg focus:bg-brand focus:px-4 focus:py-2 focus:text-white focus:shadow-lg focus:outline-none focus:ring-2 focus:ring-white">跳到主内容</a>
[2026-04-10T07:58:36.924Z] [error] Fix any of the following:
  No skip link target
[2026-04-10T07:58:36.924Z] [endGroup] console.groupEnd
[2026-04-10T07:58:36.924Z] [endGroup] console.groupEnd
[2026-04-10T07:58:36.924Z] [endGroup] console.groupEnd
[2026-04-10T07:58:36.970Z] [error] Failed to load resource: the server responded with a status of 400 (Bad Request)
[2026-04-10T07:58:40.290Z] [error] Failed to load resource: the server responded with a status of 400 (Bad Request)
[2026-04-10T08:00:19.036Z] [log] [Fast Refresh] rebuilding
[2026-04-10T08:00:19.037Z] [log] [Fast Refresh] rebuilding
[2026-04-10T08:00:19.818Z] [log] [Fast Refresh] done in 781ms
[2026-04-10T08:00:19.807Z] [log] [Fast Refresh] done in 771ms
[2026-04-10T08:00:36.297Z] [info] %cDownload the React DevTools for a better development experience: https://react.dev/link/react-devtools font-weight:bold
[2026-04-10T08:00:37.022Z] [startGroup] %cNew axe issues color:#d93251;font-weight:normal;
[2026-04-10T08:00:37.022Z] [startGroupCollapsed] %c%s: %c%s %s color:#d93251;font-weight:normal; serious font-color:black;font-weight:normal; Elements must meet minimum color contrast ratio thresholds https://dequeuniversity.com/rules/axe/4.11/color-contrast?application=axeAPI
[2026-04-10T08:00:37.025Z] [startGroupCollapsed] Element: %o JSHandle@node
[2026-04-10T08:00:37.025Z] [log] HTML: %c%s font-weight:bold;font-family:Courier; <button type="submit" class="w-full py-3 bg-brand hover:bg-brand/90 text-white font-semibold rounded-xl transition disabled:opacity-50 disabled:cursor-not-allowed">登录</button>
[2026-04-10T08:00:37.027Z] [error] Fix any of the following:
  Element has insufficient color contrast of 3.94 (foreground color: #ffffff, background color: #5b7dd4, font size: 12.0pt (16px), font weight: normal). Expected contrast ratio of 4.5:1
[2026-04-10T08:00:37.030Z] [startGroupCollapsed] Related nodes
[2026-04-10T08:00:37.031Z] [log] Element: %o JSHandle@node
[2026-04-10T08:00:37.031Z] [log] HTML: %c%s font-weight:bold;font-family:Courier; <button type="submit" class="w-full py-3 bg-brand hover:bg-brand/90 text-white font-semibold rounded-xl transition disabled:opacity-50 disabled:cursor-not-allowed">登录</button>
[2026-04-10T08:00:37.031Z] [endGroup] console.groupEnd
[2026-04-10T08:00:37.031Z] [endGroup] console.groupEnd
[2026-04-10T08:00:37.033Z] [startGroupCollapsed] Element: %o JSHandle@node
[2026-04-10T08:00:37.033Z] [log] HTML: %c%s font-weight:bold;font-family:Courier; <button class="text-brand hover:text-brand/80 text-sm transition">没有账号？立即注册</button>
[2026-04-10T08:00:37.033Z] [error] Fix any of the following:
  Element has insufficient color contrast of 4.48 (foreground color: #5b7dd4, background color: #11182b, font size: 10.5pt (14px), font weight: normal). Expected contrast ratio of 4.5:1
[2026-04-10T08:00:37.033Z] [startGroupCollapsed] Related nodes
[2026-04-10T08:00:37.034Z] [log] Element: %o JSHandle@node
[2026-04-10T08:00:37.034Z] [log] HTML: %c%s font-weight:bold;font-family:Courier; <div class="bg-[#11182b] rounded-2xl border border-white/10 p-8 shadow-2xl">
[2026-04-10T08:00:37.034Z] [endGroup] console.groupEnd
[2026-04-10T08:00:37.034Z] [endGroup] console.groupEnd
[2026-04-10T08:00:37.034Z] [endGroup] console.groupEnd
[2026-04-10T08:00:37.034Z] [startGroupCollapsed] %c%s: %c%s %s color:#d24700;font-weight:bold; moderate font-color:black;font-weight:normal; Document should have one main landmark https://dequeuniversity.com/rules/axe/4.11/landmark-one-main?application=axeAPI
[2026-04-10T08:00:37.034Z] [endGroup] console.groupEnd
[2026-04-10T08:00:37.034Z] [startGroupCollapsed] %c%s: %c%s %s color:#d24700;font-weight:bold; moderate font-color:black;font-weight:normal; All page content should be contained by landmarks https://dequeuniversity.com/rules/axe/4.11/region?application=axeAPI
[2026-04-10T08:00:37.034Z] [startGroupCollapsed] Element: %o JSHandle@node
[2026-04-10T08:00:37.034Z] [log] HTML: %c%s font-weight:bold;font-family:Courier; <a href="#main-content" class="sr-only focus:not-sr-only focus:absolute focus:left-4 focus:top-4 focus:z-50 focus:rounded-lg focus:bg-brand focus:px-4 focus:py-2 focus:text-white focus:shadow-lg focus:outline-none focus:ring-2 focus:ring-white">跳到主内容</a>
[2026-04-10T08:00:37.034Z] [error] Fix any of the following:
  Some page content is not contained by landmarks
[2026-04-10T08:00:37.035Z] [endGroup] console.groupEnd
[2026-04-10T08:00:37.035Z] [startGroupCollapsed] Element: %o JSHandle@node
[2026-04-10T08:00:37.035Z] [log] HTML: %c%s font-weight:bold;font-family:Courier; <div class="text-center mb-8"><h1 class="text-3xl font-bold text-white mb-2">欢迎回来</h1><p class="text-muted">登录以同步你的学习数据</p></div>
[2026-04-10T08:00:37.035Z] [error] Fix any of the following:
  Some page content is not contained by landmarks
[2026-04-10T08:00:37.035Z] [endGroup] console.groupEnd
[2026-04-10T08:00:37.036Z] [startGroupCollapsed] Element: %o JSHandle@node
[2026-04-10T08:00:37.036Z] [log] HTML: %c%s font-weight:bold;font-family:Courier; <div>
[2026-04-10T08:00:37.037Z] [error] Fix any of the following:
  Some page content is not contained by landmarks
[2026-04-10T08:00:37.037Z] [endGroup] console.groupEnd
[2026-04-10T08:00:37.038Z] [startGroupCollapsed] Element: %o JSHandle@node
[2026-04-10T08:00:37.038Z] [log] HTML: %c%s font-weight:bold;font-family:Courier; <div>
[2026-04-10T08:00:37.038Z] [error] Fix any of the following:
  Some page content is not contained by landmarks
[2026-04-10T08:00:37.038Z] [endGroup] console.groupEnd
[2026-04-10T08:00:37.038Z] [startGroupCollapsed] Element: %o JSHandle@node
[2026-04-10T08:00:37.038Z] [log] HTML: %c%s font-weight:bold;font-family:Courier; <div class="mt-6 pt-6 border-t border-white/10 text-center"><a class="text-sm text-muted hover:text-white transition" href="/">返回首页</a></div>
[2026-04-10T08:00:37.039Z] [error] Fix any of the following:
  Some page content is not contained by landmarks
[2026-04-10T08:00:37.039Z] [endGroup] console.groupEnd
[2026-04-10T08:00:37.039Z] [startGroupCollapsed] Element: %o JSHandle@node
[2026-04-10T08:00:37.039Z] [log] HTML: %c%s font-weight:bold;font-family:Courier; <div class="mt-6 text-center text-sm text-slate-400"><p>Phase 1 用户数据将自动迁移到云端</p></div>
[2026-04-10T08:00:37.041Z] [error] Fix any of the following:
  Some page content is not contained by landmarks
[2026-04-10T08:00:37.041Z] [endGroup] console.groupEnd
[2026-04-10T08:00:37.041Z] [endGroup] console.groupEnd
[2026-04-10T08:00:37.042Z] [startGroupCollapsed] %c%s: %c%s %s color:#d24700;font-weight:bold; moderate font-color:black;font-weight:normal; The skip-link target should exist and be focusable https://dequeuniversity.com/rules/axe/4.11/skip-link?application=axeAPI
[2026-04-10T08:00:37.042Z] [startGroupCollapsed] Element: %o JSHandle@node
[2026-04-10T08:00:37.042Z] [log] HTML: %c%s font-weight:bold;font-family:Courier; <a href="#main-content" class="sr-only focus:not-sr-only focus:absolute focus:left-4 focus:top-4 focus:z-50 focus:rounded-lg focus:bg-brand focus:px-4 focus:py-2 focus:text-white focus:shadow-lg focus:outline-none focus:ring-2 focus:ring-white">跳到主内容</a>
[2026-04-10T08:00:37.043Z] [error] Fix any of the following:
  No skip link target
[2026-04-10T08:00:37.043Z] [endGroup] console.groupEnd
[2026-04-10T08:00:37.043Z] [endGroup] console.groupEnd
[2026-04-10T08:00:37.043Z] [endGroup] console.groupEnd
[2026-04-10T08:00:37.097Z] [error] Failed to load resource: the server responded with a status of 400 (Bad Request)
[2026-04-10T08:00:40.843Z] [error] Failed to load resource: the server responded with a status of 400 (Bad Request)
[2026-04-10T08:00:51.742Z] [log] [Fast Refresh] rebuilding
[2026-04-10T08:00:51.743Z] [log] [Fast Refresh] rebuilding
[2026-04-10T08:00:53.378Z] [log] [Fast Refresh] done in 1631ms
[2026-04-10T08:00:53.373Z] [log] [Fast Refresh] done in 1625ms
[2026-04-10T08:08:15.316Z] [log] [Fast Refresh] rebuilding
[2026-04-10T08:08:15.928Z] [log] [Fast Refresh] rebuilding
[2026-04-10T08:08:15.965Z] [log] [Fast Refresh] done in 36ms
[2026-04-10T08:08:16.403Z] [log] [Fast Refresh] done in 473ms
[2026-04-10T08:08:46.565Z] [log] [Fast Refresh] rebuilding
[2026-04-10T08:08:47.222Z] [log] [Fast Refresh] done in 655ms
[2026-04-10T08:11:53.630Z] [log] [Fast Refresh] rebuilding
[2026-04-10T08:11:54.753Z] [log] [Fast Refresh] done in 1121ms
[2026-04-10T08:16:06.220Z] [log] [Fast Refresh] rebuilding
[2026-04-10T08:16:07.794Z] [log] [Fast Refresh] done in 1570ms
[2026-04-10T08:16:12.601Z] [log] [Fast Refresh] rebuilding
[2026-04-10T08:16:13.870Z] [log] [Fast Refresh] done in 1268ms
[2026-04-10T08:27:05.051Z] [log] [Fast Refresh] rebuilding
[2026-04-10T08:27:06.117Z] [log] [Fast Refresh] rebuilding
[2026-04-10T08:27:06.158Z] [log] [Fast Refresh] done in 41ms
[2026-04-10T08:27:06.832Z] [log] [Fast Refresh] done in 714ms
